2018-02-10 11:03:38 Rozpoczecie pobierania pliku: https://cytaty.eu/img/sda/posters/
2018-02-10 11:03:39 Rozpoczecie pobierania pliku: https://cytaty.eu/img/sda/posters/1.jpg
2018-02-10 11:03:40 Zakonczenie pobierania pliku: posters/piraci-z-karaibow.jpg
2018-02-10 11:03:40 Rozpoczecie pobierania pliku: https://cytaty.eu/img/sda/posters/10.jpg
2018-02-10 11:03:40 Zakonczenie pobierania pliku: posters/the-founder.jpg
2018-02-10 11:03:40 Rozpoczecie pobierania pliku: https://cytaty.eu/img/sda/posters/11.jpg
2018-02-10 11:03:40 Zakonczenie pobierania pliku: posters/kapitan-ameryka-civil-war.jpg
2018-02-10 11:03:40 Rozpoczecie pobierania pliku: https://cytaty.eu/img/sda/posters/12.jpg
2018-02-10 11:03:41 Zakonczenie pobierania pliku: posters/spectre.jpg
2018-02-10 11:03:41 Rozpoczecie pobierania pliku: https://cytaty.eu/img/sda/posters/2.jpg
2018-02-10 11:03:41 Zakonczenie pobierania pliku: posters/ring.jpg
2018-02-10 11:03:41 Rozpoczecie pobierania pliku: https://cytaty.eu/img/sda/posters/3.jpg
2018-02-10 11:03:42 Zakonczenie pobierania pliku: posters/blade-runner-2049.jpg
2018-02-10 11:03:42 Rozpoczecie pobierania pliku: https://cytaty.eu/img/sda/posters/4.jpg
2018-02-10 11:03:42 Zakonczenie pobierania pliku: posters/thor.jpg
2018-02-10 11:03:42 Rozpoczecie pobierania pliku: https://cytaty.eu/img/sda/posters/5.jpg
2018-02-10 11:03:43 Zakonczenie pobierania pliku: posters/get-out.jpg
2018-02-10 11:03:43 Rozpoczecie pobierania pliku: https://cytaty.eu/img/sda/posters/6.jpg
2018-02-10 11:03:44 Zakonczenie pobierania pliku: posters/star-wars-last-jedi.jpg
2018-02-10 11:03:44 Rozpoczecie pobierania pliku: https://cytaty.eu/img/sda/posters/8.jpg
2018-02-10 11:03:44 Zakonczenie pobierania pliku: posters/london.jpg
2018-02-10 11:03:44 Rozpoczecie pobierania pliku: https://cytaty.eu/img/sda/posters/9.jpg
2018-02-10 11:03:44 Zakonczenie pobierania pliku: posters/tarzan.jpg
2018-02-10 11:03:44 Rozpoczecie pobierania pliku: https://cytaty.eu/img/sda/shots/
2018-02-10 11:03:44 Rozpoczecie pobierania pliku: https://cytaty.eu/img/sda/shots/1.jpg
2018-02-10 11:03:45 Zakonczenie pobierania pliku: shots/piraci-z-karaibow.jpg
2018-02-10 11:03:45 Rozpoczecie pobierania pliku: https://cytaty.eu/img/sda/shots/10.jpg
2018-02-10 11:03:45 Zakonczenie pobierania pliku: shots/the-founder.jpg
2018-02-10 11:03:45 Rozpoczecie pobierania pliku: https://cytaty.eu/img/sda/shots/11.jpg
2018-02-10 11:03:45 Zakonczenie pobierania pliku: shots/kapitan-ameryka-civil-war.jpg
2018-02-10 11:03:45 Rozpoczecie pobierania pliku: https://cytaty.eu/img/sda/shots/12.jpg
2018-02-10 11:03:46 Zakonczenie pobierania pliku: shots/spectre.jpg
2018-02-10 11:03:46 Rozpoczecie pobierania pliku: https://cytaty.eu/img/sda/shots/2.jpg
2018-02-10 11:03:46 Zakonczenie pobierania pliku: shots/ring.jpg
2018-02-10 11:03:46 Rozpoczecie pobierania pliku: https://cytaty.eu/img/sda/shots/3.jpg
2018-02-10 11:03:46 Zakonczenie pobierania pliku: shots/blade-runner-2049.jpg
2018-02-10 11:03:46 Rozpoczecie pobierania pliku: https://cytaty.eu/img/sda/shots/4.jpg
2018-02-10 11:03:47 Zakonczenie pobierania pliku: shots/thor.jpg
2018-02-10 11:03:47 Rozpoczecie pobierania pliku: https://cytaty.eu/img/sda/shots/5.jpg
2018-02-10 11:03:47 Zakonczenie pobierania pliku: shots/get-out.jpg
2018-02-10 11:03:47 Rozpoczecie pobierania pliku: https://cytaty.eu/img/sda/shots/6.jpg
2018-02-10 11:03:49 Zakonczenie pobierania pliku: shots/star-wars-last-jedi.jpg
2018-02-10 11:03:49 Rozpoczecie pobierania pliku: https://cytaty.eu/img/sda/shots/7.jpg
2018-02-10 11:03:49 Zakonczenie pobierania pliku: shots/okja.jpg
2018-02-10 11:03:49 Rozpoczecie pobierania pliku: https://cytaty.eu/img/sda/shots/8.jpg
2018-02-10 11:03:49 Zakonczenie pobierania pliku: shots/london.jpg
2018-02-10 11:03:49 Rozpoczecie pobierania pliku: https://cytaty.eu/img/sda/shots/9.jpg
2018-02-10 11:03:49 Zakonczenie pobierania pliku: shots/tarzan.jpg
